[2023-10-10 10:51:33] [DEBUG] [./src/main.c:29]: City: -1128614400[2023-10-10 10:51:33] [DEBUG] [./src/main.c:29]: City: -1128614400[2023-10-10 10:51:33] [DEBUG] [./src/main.c:29]: City: -1128614400[2023-10-10 10:51:33] [DEBUG] [./src/main.c:29]: City: -1128614400[2023-10-10 10:51:33] [DEBUG] [./src/main.c:29]: City: -1128614400[2023-10-10 10:51:33] [DEBUG] [./src/main.c:29]: City: -1128614400[2023-10-10 10:51:33] [DEBUG] [./src/main.c:29]: City: -1128614400[2023-10-10 10:51:33] [DEBUG] [./src/main.c:29]: City: -1128614400[2023-10-10 10:51:33] [DEBUG] [./src/main.c:29]: City: -1128614400[2023-10-10 10:51:33] [DEBUG] [./src/main.c:29]: City: -1128614400[2023-10-10 10:51:33] [DEBUG] [./src/main.c:29]: City: -1128614400[2023-10-10 10:51:33] [DEBUG] [./src/main.c:29]: City: -1128614400[2023-10-10 10:51:33] [DEBUG] [./src/main.c:29]: City: -1128614400[2023-10-10 10:51:33] [DEBUG] [./src/main.c:29]: City: -1128614400[2023-10-10 10:51:33] [DEBUG] [./src/main.c:29]: City: -1128614400[2023-10-10 10:51:33] [DEBUG] [./src/main.c:29]: City: -1128614400[2023-10-10 10:51:33] [DEBUG] [./src/main.c:29]: City: -1128614400[2023-10-10 10:51:33] [DEBUG] [./src/main.c:29]: City: -1128614400[2023-10-10 10:51:33] [DEBUG] [./src/main.c:29]: City: -1128614400[2023-10-10 10:51:33] [DEBUG] [./src/main.c:29]: City: -1128614400[2023-10-10 10:51:33] [DEBUG] [./src/main.c:29]: City: -1128614400[2023-10-10 10:51:33] [DEBUG] [./src/main.c:29]: City: -1128614400[2023-10-10 10:51:33] [DEBUG] [./src/main.c:29]: City: -1128614400[2023-10-10 10:51:33] [DEBUG] [./src/main.c:29]: City: -1128614400[2023-10-10 10:51:33] [DEBUG] [./src/main.c:29]: City: -1128614400[2023-10-10 10:51:33] [DEBUG] [./src/main.c:29]: City: -1128614400[2023-10-10 10:51:33] [DEBUG] [./src/main.c:29]: City: -1128614400[2023-10-10 10:51:33] [DEBUG] [./src/main.c:29]: City: -1128614400[2023-10-10 10:51:33] [DEBUG] [./src/main.c:29]: City: -1128614400[2023-10-10 10:51:33] [DEBUG] [./src/main.c:29]: City: -1128614400[2023-10-10 10:51:33] [DEBUG] [./src/main.c:29]: City: -1128614400[2023-10-10 10:51:33] [DEBUG] [./src/main.c:29]: City: -1128614400[2023-10-10 10:51:33] [DEBUG] [./src/main.c:29]: City: -1128614400[2023-10-10 10:51:33] [DEBUG] [./src/main.c:29]: City: -1128614400[2023-10-10 10:51:33] [DEBUG] [./src/main.c:29]: City: -1128614400[2023-10-10 10:51:33] [DEBUG] [./src/main.c:29]: City: -1128614400[2023-10-10 10:51:33] [DEBUG] [./src/main.c:29]: City: -1128614400[2023-10-10 10:51:33] [DEBUG] [./src/main.c:29]: City: -1128614400[2023-10-10 10:51:33] [DEBUG] [./src/main.c:29]: City: -1128614400[2023-10-10 10:51:33] [DEBUG] [./src/main.c:29]: City: -1128614400[2023-10-10 10:51:33] [DEBUG] [./src/main.c:29]: City: -1128614400[2023-10-10 10:51:33] [DEBUG] [./src/main.c:29]: City: -1128614400[2023-10-10 10:51:33] [DEBUG] [./src/main.c:29]: City: -1128614400[2023-10-10 10:51:33] [DEBUG] [./src/main.c:29]: City: -1128614400[2023-10-10 10:51:33] [DEBUG] [./src/main.c:29]: City: -1128614400[2023-10-10 10:51:33] [DEBUG] [./src/main.c:29]: City: -1128614400[2023-10-10 10:51:33] [DEBUG] [./src/main.c:29]: City: -1128614400[2023-10-10 10:51:33] [DEBUG] [./src/main.c:29]: City: -1128614400[2023-10-10 10:51:33] [DEBUG] [./src/main.c:29]: City: -1128614400[2023-10-10 10:51:33] [DEBUG] [./src/main.c:29]: City: -1128614400[2023-10-10 10:51:33] [DEBUG] [./src/main.c:29]: City: -1128614400[2023-10-10 10:51:33] [DEBUG] [./src/main.c:29]: City: -1128614400[2023-10-10 10:51:33] [DEBUG] [./src/main.c:29]: City: -1128614400[2023-10-10 10:51:33] [DEBUG] [./src/main.c:29]: City: -1128614400[2023-10-10 10:51:33] [DEBUG] [./src/main.c:29]: City: -1128614400[2023-10-10 10:51:33] [DEBUG] [./src/main.c:29]: City: -1128614400[2023-10-10 10:51:33] [DEBUG] [./src/main.c:29]: City: -1128614400[2023-10-10 10:51:41] [DEBUG] [./src/main.c:29]: City: 1247801488[2023-10-10 10:51:41] [DEBUG] [./src/main.c:29]: City: 1247801488[2023-10-10 10:51:41] [DEBUG] [./src/main.c:29]: City: 1247801488[2023-10-10 10:51:41] [DEBUG] [./src/main.c:29]: City: 1247801488[2023-10-10 10:51:41] [DEBUG] [./src/main.c:29]: City: 1247801488[2023-10-10 10:51:41] [DEBUG] [./src/main.c:29]: City: 1247801488[2023-10-10 10:51:41] [DEBUG] [./src/main.c:29]: City: 1247801488[2023-10-10 10:51:41] [DEBUG] [./src/main.c:29]: City: 1247801488[2023-10-10 10:51:41] [DEBUG] [./src/main.c:29]: City: 1247801488[2023-10-10 10:51:41] [DEBUG] [./src/main.c:29]: City: 1247801488[2023-10-10 10:51:41] [DEBUG] [./src/main.c:29]: City: 1247801488[2023-10-10 10:51:41] [DEBUG] [./src/main.c:29]: City: 1247801488[2023-10-10 10:51:41] [DEBUG] [./src/main.c:29]: City: 1247801488[2023-10-10 10:51:41] [DEBUG] [./src/main.c:29]: City: 1247801488[2023-10-10 10:51:41] [DEBUG] [./src/main.c:29]: City: 1247801488[2023-10-10 10:51:41] [DEBUG] [./src/main.c:29]: City: 1247801488[2023-10-10 10:51:41] [DEBUG] [./src/main.c:29]: City: 1247801488[2023-10-10 10:51:41] [DEBUG] [./src/main.c:29]: City: 1247801488[2023-10-10 10:51:41] [DEBUG] [./src/main.c:29]: City: 1247801488[2023-10-10 10:51:41] [DEBUG] [./src/main.c:29]: City: 1247801488[2023-10-10 10:51:41] [DEBUG] [./src/main.c:29]: City: 1247801488[2023-10-10 10:51:41] [DEBUG] [./src/main.c:29]: City: 1247801488[2023-10-10 10:51:41] [DEBUG] [./src/main.c:29]: City: 1247801488[2023-10-10 10:51:41] [DEBUG] [./src/main.c:29]: City: 1247801488[2023-10-10 10:51:41] [DEBUG] [./src/main.c:29]: City: 1247801488[2023-10-10 10:51:41] [DEBUG] [./src/main.c:29]: City: 1247801488[2023-10-10 10:51:41] [DEBUG] [./src/main.c:29]: City: 1247801488[2023-10-10 10:51:41] [DEBUG] [./src/main.c:29]: City: 1247801488[2023-10-10 10:51:41] [DEBUG] [./src/main.c:29]: City: 1247801488[2023-10-10 10:51:41] [DEBUG] [./src/main.c:29]: City: 1247801488[2023-10-10 10:51:41] [DEBUG] [./src/main.c:29]: City: 1247801488[2023-10-10 10:51:41] [DEBUG] [./src/main.c:29]: City: 1247801488[2023-10-10 10:51:41] [DEBUG] [./src/main.c:29]: City: 1247801488[2023-10-10 10:51:41] [DEBUG] [./src/main.c:29]: City: 1247801488[2023-10-10 10:51:41] [DEBUG] [./src/main.c:29]: City: 1247801488[2023-10-10 10:51:41] [DEBUG] [./src/main.c:29]: City: 1247801488[2023-10-10 10:51:41] [DEBUG] [./src/main.c:29]: City: 1247801488[2023-10-10 10:51:41] [DEBUG] [./src/main.c:29]: City: 1247801488[2023-10-10 10:51:41] [DEBUG] [./src/main.c:29]: City: 1247801488[2023-10-10 10:51:41] [DEBUG] [./src/main.c:29]: City: 1247801488[2023-10-10 10:51:41] [DEBUG] [./src/main.c:29]: City: 1247801488[2023-10-10 10:51:41] [DEBUG] [./src/main.c:29]: City: 1247801488[2023-10-10 10:51:41] [DEBUG] [./src/main.c:29]: City: 1247801488[2023-10-10 10:51:41] [DEBUG] [./src/main.c:29]: City: 1247801488[2023-10-10 10:51:41] [DEBUG] [./src/main.c:29]: City: 1247801488[2023-10-10 10:51:41] [DEBUG] [./src/main.c:29]: City: 1247801488[2023-10-10 10:51:41] [DEBUG] [./src/main.c:29]: City: 1247801488[2023-10-10 10:51:41] [DEBUG] [./src/main.c:29]: City: 1247801488[2023-10-10 10:51:41] [DEBUG] [./src/main.c:29]: City: 1247801488[2023-10-10 10:51:41] [DEBUG] [./src/main.c:29]: City: 1247801488[2023-10-10 10:51:41] [DEBUG] [./src/main.c:29]: City: 1247801488[2023-10-10 10:51:41] [DEBUG] [./src/main.c:29]: City: 1247801488[2023-10-10 10:51:41] [DEBUG] [./src/main.c:29]: City: 1247801488[2023-10-10 10:51:41] [DEBUG] [./src/main.c:29]: City: 1247801488[2023-10-10 10:51:41] [DEBUG] [./src/main.c:29]: City: 1247801488[2023-10-10 10:51:41] [DEBUG] [./src/main.c:29]: City: 1247801488[2023-10-10 10:51:41] [DEBUG] [./src/main.c:29]: City: 1247801488[2023-10-10 10:51:42] [DEBUG] [./src/main.c:29]: City: -1758507200[2023-10-10 10:51:42] [DEBUG] [./src/main.c:29]: City: -1758507200[2023-10-10 10:51:42] [DEBUG] [./src/main.c:29]: City: -1758507200[2023-10-10 10:51:42] [DEBUG] [./src/main.c:29]: City: -1758507200[2023-10-10 10:51:42] [DEBUG] [./src/main.c:29]: City: -1758507200[2023-10-10 10:51:42] [DEBUG] [./src/main.c:29]: City: -1758507200[2023-10-10 10:51:42] [DEBUG] [./src/main.c:29]: City: -1758507200[2023-10-10 10:51:42] [DEBUG] [./src/main.c:29]: City: -1758507200[2023-10-10 10:51:42] [DEBUG] [./src/main.c:29]: City: -1758507200[2023-10-10 10:51:42] [DEBUG] [./src/main.c:29]: City: -1758507200[2023-10-10 10:51:42] [DEBUG] [./src/main.c:29]: City: -1758507200[2023-10-10 10:51:42] [DEBUG] [./src/main.c:29]: City: -1758507200[2023-10-10 10:51:42] [DEBUG] [./src/main.c:29]: City: -1758507200[2023-10-10 10:51:42] [DEBUG] [./src/main.c:29]: City: -1758507200[2023-10-10 10:51:42] [DEBUG] [./src/main.c:29]: City: -1758507200[2023-10-10 10:51:42] [DEBUG] [./src/main.c:29]: City: -1758507200[2023-10-10 10:51:42] [DEBUG] [./src/main.c:29]: City: -1758507200[2023-10-10 10:51:42] [DEBUG] [./src/main.c:29]: City: -1758507200[2023-10-10 10:51:42] [DEBUG] [./src/main.c:29]: City: -1758507200[2023-10-10 10:51:42] [DEBUG] [./src/main.c:29]: City: -1758507200[2023-10-10 10:51:42] [DEBUG] [./src/main.c:29]: City: -1758507200[2023-10-10 10:51:42] [DEBUG] [./src/main.c:29]: City: -1758507200[2023-10-10 10:51:42] [DEBUG] [./src/main.c:29]: City: -1758507200[2023-10-10 10:51:42] [DEBUG] [./src/main.c:29]: City: -1758507200[2023-10-10 10:51:42] [DEBUG] [./src/main.c:29]: City: -1758507200[2023-10-10 10:51:42] [DEBUG] [./src/main.c:29]: City: -1758507200[2023-10-10 10:51:42] [DEBUG] [./src/main.c:29]: City: -1758507200[2023-10-10 10:51:42] [DEBUG] [./src/main.c:29]: City: -1758507200[2023-10-10 10:51:42] [DEBUG] [./src/main.c:29]: City: -1758507200[2023-10-10 10:51:42] [DEBUG] [./src/main.c:29]: City: -1758507200[2023-10-10 10:51:42] [DEBUG] [./src/main.c:29]: City: -1758507200[2023-10-10 10:51:42] [DEBUG] [./src/main.c:29]: City: -1758507200[2023-10-10 10:51:42] [DEBUG] [./src/main.c:29]: City: -1758507200[2023-10-10 10:51:42] [DEBUG] [./src/main.c:29]: City: -1758507200[2023-10-10 10:51:42] [DEBUG] [./src/main.c:29]: City: -1758507200[2023-10-10 10:51:42] [DEBUG] [./src/main.c:29]: City: -1758507200[2023-10-10 10:51:42] [DEBUG] [./src/main.c:29]: City: -1758507200[2023-10-10 10:51:42] [DEBUG] [./src/main.c:29]: City: -1758507200[2023-10-10 10:51:42] [DEBUG] [./src/main.c:29]: City: -1758507200[2023-10-10 10:51:42] [DEBUG] [./src/main.c:29]: City: -1758507200[2023-10-10 10:51:42] [DEBUG] [./src/main.c:29]: City: -1758507200[2023-10-10 10:51:42] [DEBUG] [./src/main.c:29]: City: -1758507200[2023-10-10 10:51:42] [DEBUG] [./src/main.c:29]: City: -1758507200[2023-10-10 10:51:42] [DEBUG] [./src/main.c:29]: City: -1758507200[2023-10-10 10:51:42] [DEBUG] [./src/main.c:29]: City: -1758507200[2023-10-10 10:51:42] [DEBUG] [./src/main.c:29]: City: -1758507200[2023-10-10 10:51:42] [DEBUG] [./src/main.c:29]: City: -1758507200[2023-10-10 10:51:42] [DEBUG] [./src/main.c:29]: City: -1758507200[2023-10-10 10:51:42] [DEBUG] [./src/main.c:29]: City: -1758507200[2023-10-10 10:51:42] [DEBUG] [./src/main.c:29]: City: -1758507200[2023-10-10 10:51:42] [DEBUG] [./src/main.c:29]: City: -1758507200[2023-10-10 10:51:42] [DEBUG] [./src/main.c:29]: City: -1758507200[2023-10-10 10:51:42] [DEBUG] [./src/main.c:29]: City: -1758507200[2023-10-10 10:51:42] [DEBUG] [./src/main.c:29]: City: -1758507200[2023-10-10 10:51:42] [DEBUG] [./src/main.c:29]: City: -1758507200[2023-10-10 10:51:42] [DEBUG] [./src/main.c:29]: City: -1758507200[2023-10-10 10:51:42] [DEBUG] [./src/main.c:29]: City: -1758507200[2023-10-10 10:51:47] [DEBUG] [./src/main.c:29]: City: -1785821824
[2023-10-10 10:51:47] [DEBUG] [./src/main.c:29]: City: -1785821824
[2023-10-10 10:51:47] [DEBUG] [./src/main.c:29]: City: -1785821824
[2023-10-10 10:51:47] [DEBUG] [./src/main.c:29]: City: -1785821824
[2023-10-10 10:51:47] [DEBUG] [./src/main.c:29]: City: -1785821824
[2023-10-10 10:51:47] [DEBUG] [./src/main.c:29]: City: -1785821824
[2023-10-10 10:51:47] [DEBUG] [./src/main.c:29]: City: -1785821824
[2023-10-10 10:51:47] [DEBUG] [./src/main.c:29]: City: -1785821824
[2023-10-10 10:51:47] [DEBUG] [./src/main.c:29]: City: -1785821824
[2023-10-10 10:51:47] [DEBUG] [./src/main.c:29]: City: -1785821824
[2023-10-10 10:51:47] [DEBUG] [./src/main.c:29]: City: -1785821824
[2023-10-10 10:51:47] [DEBUG] [./src/main.c:29]: City: -1785821824
[2023-10-10 10:51:47] [DEBUG] [./src/main.c:29]: City: -1785821824
[2023-10-10 10:51:47] [DEBUG] [./src/main.c:29]: City: -1785821824
[2023-10-10 10:51:47] [DEBUG] [./src/main.c:29]: City: -1785821824
[2023-10-10 10:51:47] [DEBUG] [./src/main.c:29]: City: -1785821824
[2023-10-10 10:51:47] [DEBUG] [./src/main.c:29]: City: -1785821824
[2023-10-10 10:51:47] [DEBUG] [./src/main.c:29]: City: -1785821824
[2023-10-10 10:51:47] [DEBUG] [./src/main.c:29]: City: -1785821824
[2023-10-10 10:51:47] [DEBUG] [./src/main.c:29]: City: -1785821824
[2023-10-10 10:51:47] [DEBUG] [./src/main.c:29]: City: -1785821824
[2023-10-10 10:51:47] [DEBUG] [./src/main.c:29]: City: -1785821824
[2023-10-10 10:51:47] [DEBUG] [./src/main.c:29]: City: -1785821824
[2023-10-10 10:51:47] [DEBUG] [./src/main.c:29]: City: -1785821824
[2023-10-10 10:51:47] [DEBUG] [./src/main.c:29]: City: -1785821824
[2023-10-10 10:51:47] [DEBUG] [./src/main.c:29]: City: -1785821824
[2023-10-10 10:51:47] [DEBUG] [./src/main.c:29]: City: -1785821824
[2023-10-10 10:51:47] [DEBUG] [./src/main.c:29]: City: -1785821824
[2023-10-10 10:51:47] [DEBUG] [./src/main.c:29]: City: -1785821824
[2023-10-10 10:51:47] [DEBUG] [./src/main.c:29]: City: -1785821824
[2023-10-10 10:51:47] [DEBUG] [./src/main.c:29]: City: -1785821824
[2023-10-10 10:51:47] [DEBUG] [./src/main.c:29]: City: -1785821824
[2023-10-10 10:51:47] [DEBUG] [./src/main.c:29]: City: -1785821824
[2023-10-10 10:51:47] [DEBUG] [./src/main.c:29]: City: -1785821824
[2023-10-10 10:51:47] [DEBUG] [./src/main.c:29]: City: -1785821824
[2023-10-10 10:51:47] [DEBUG] [./src/main.c:29]: City: -1785821824
[2023-10-10 10:51:47] [DEBUG] [./src/main.c:29]: City: -1785821824
[2023-10-10 10:51:47] [DEBUG] [./src/main.c:29]: City: -1785821824
[2023-10-10 10:51:47] [DEBUG] [./src/main.c:29]: City: -1785821824
[2023-10-10 10:51:47] [DEBUG] [./src/main.c:29]: City: -1785821824
[2023-10-10 10:51:47] [DEBUG] [./src/main.c:29]: City: -1785821824
[2023-10-10 10:51:47] [DEBUG] [./src/main.c:29]: City: -1785821824
[2023-10-10 10:51:47] [DEBUG] [./src/main.c:29]: City: -1785821824
[2023-10-10 10:51:47] [DEBUG] [./src/main.c:29]: City: -1785821824
[2023-10-10 10:51:47] [DEBUG] [./src/main.c:29]: City: -1785821824
[2023-10-10 10:51:47] [DEBUG] [./src/main.c:29]: City: -1785821824
[2023-10-10 10:51:47] [DEBUG] [./src/main.c:29]: City: -1785821824
[2023-10-10 10:51:47] [DEBUG] [./src/main.c:29]: City: -1785821824
[2023-10-10 10:51:47] [DEBUG] [./src/main.c:29]: City: -1785821824
[2023-10-10 10:51:47] [DEBUG] [./src/main.c:29]: City: -1785821824
[2023-10-10 10:51:47] [DEBUG] [./src/main.c:29]: City: -1785821824
[2023-10-10 10:51:47] [DEBUG] [./src/main.c:29]: City: -1785821824
[2023-10-10 10:51:47] [DEBUG] [./src/main.c:29]: City: -1785821824
[2023-10-10 10:51:47] [DEBUG] [./src/main.c:29]: City: -1785821824
[2023-10-10 10:51:47] [DEBUG] [./src/main.c:29]: City: -1785821824
[2023-10-10 10:51:47] [DEBUG] [./src/main.c:29]: City: -1785821824
[2023-10-10 10:51:47] [DEBUG] [./src/main.c:29]: City: -1785821824
[2023-10-10 10:52:09] [DEBUG] [./src/main.c:29]: City: Prague
[2023-10-10 10:52:09] [DEBUG] [./src/main.c:29]: City: Brno
[2023-10-10 10:52:09] [DEBUG] [./src/main.c:29]: City: Ostrava
[2023-10-10 10:52:09] [DEBUG] [./src/main.c:29]: City: Plzeň
[2023-10-10 10:52:09] [DEBUG] [./src/main.c:29]: City: Liberec
[2023-10-10 10:52:09] [DEBUG] [./src/main.c:29]: City: Olomouc
[2023-10-10 10:52:09] [DEBUG] [./src/main.c:29]: City: ČeskéBudějovice
[2023-10-10 10:52:09] [DEBUG] [./src/main.c:29]: City: ÚstínadLabem
[2023-10-10 10:52:09] [DEBUG] [./src/main.c:29]: City: HradecKrálové
[2023-10-10 10:52:09] [DEBUG] [./src/main.c:29]: City: Pardubice
[2023-10-10 10:52:09] [DEBUG] [./src/main.c:29]: City: Zlín
[2023-10-10 10:52:09] [DEBUG] [./src/main.c:29]: City: Havířov
[2023-10-10 10:52:09] [DEBUG] [./src/main.c:29]: City: Kladno
[2023-10-10 10:52:09] [DEBUG] [./src/main.c:29]: City: Most
[2023-10-10 10:52:09] [DEBUG] [./src/main.c:29]: City: Opava
[2023-10-10 10:52:09] [DEBUG] [./src/main.c:29]: City: Frýdek-Místek
[2023-10-10 10:52:09] [DEBUG] [./src/main.c:29]: City: Karviná
[2023-10-10 10:52:09] [DEBUG] [./src/main.c:29]: City: Teplice
[2023-10-10 10:52:09] [DEBUG] [./src/main.c:29]: City: Děčín
[2023-10-10 10:52:09] [DEBUG] [./src/main.c:29]: City: KarlovyVary
[2023-10-10 10:52:09] [DEBUG] [./src/main.c:29]: City: Jihlava
[2023-10-10 10:52:09] [DEBUG] [./src/main.c:29]: City: Chomutov
[2023-10-10 10:52:09] [DEBUG] [./src/main.c:29]: City: Přerov
[2023-10-10 10:52:09] [DEBUG] [./src/main.c:29]: City: MladáBoleslav
[2023-10-10 10:52:09] [DEBUG] [./src/main.c:29]: City: CeskáLípa
[2023-10-10 10:52:09] [DEBUG] [./src/main.c:29]: City: Třebíč
[2023-10-10 10:52:09] [DEBUG] [./src/main.c:29]: City: Třinec
[2023-10-10 10:52:09] [DEBUG] [./src/main.c:29]: City: Znojmo
[2023-10-10 10:52:09] [DEBUG] [./src/main.c:29]: City: Nový
[2023-10-10 10:52:09] [DEBUG] [./src/main.c:29]: City: Jičín
[2023-10-10 10:52:09] [DEBUG] [./src/main.c:29]: City: Kroměříž
[2023-10-10 10:52:09] [DEBUG] [./src/main.c:29]: City: Prostějov
[2023-10-10 10:52:09] [DEBUG] [./src/main.c:29]: City: Trutnov
[2023-10-10 10:52:09] [DEBUG] [./src/main.c:29]: City: Příbram
[2023-10-10 10:52:09] [DEBUG] [./src/main.c:29]: City: Orlová
[2023-10-10 10:52:09] [DEBUG] [./src/main.c:29]: City: ÚstínadOrlicí
[2023-10-10 10:52:09] [DEBUG] [./src/main.c:29]: City: Hodonín
[2023-10-10 10:52:09] [DEBUG] [./src/main.c:29]: City: Písek
[2023-10-10 10:52:09] [DEBUG] [./src/main.c:29]: City: Žďár
[2023-10-10 10:52:09] [DEBUG] [./src/main.c:29]: City: nad
[2023-10-10 10:52:09] [DEBUG] [./src/main.c:29]: City: Sázavou
[2023-10-10 10:52:09] [DEBUG] [./src/main.c:29]: City: Vsetín
[2023-10-10 10:52:09] [DEBUG] [./src/main.c:29]: City: Chrudim
[2023-10-10 10:52:09] [DEBUG] [./src/main.c:29]: City: Šumperk
[2023-10-10 10:52:09] [DEBUG] [./src/main.c:29]: City: Žatec
[2023-10-10 10:52:09] [DEBUG] [./src/main.c:29]: City: Blansko
[2023-10-10 10:52:09] [DEBUG] [./src/main.c:29]: City: Jablonec
[2023-10-10 10:52:09] [DEBUG] [./src/main.c:29]: City: nad
[2023-10-10 10:52:09] [DEBUG] [./src/main.c:29]: City: Nisou
[2023-10-10 10:52:09] [DEBUG] [./src/main.c:29]: City: Uherské
[2023-10-10 10:52:09] [DEBUG] [./src/main.c:29]: City: Hradiště
[2023-10-10 10:52:09] [DEBUG] [./src/main.c:29]: City: Hodonín
[2023-10-10 10:52:09] [DEBUG] [./src/main.c:29]: City: Mělník
[2023-10-10 10:52:09] [DEBUG] [./src/main.c:29]: City: Jindřichův
[2023-10-10 10:52:09] [DEBUG] [./src/main.c:29]: City: Hradec
[2023-10-10 10:52:09] [DEBUG] [./src/main.c:29]: City: Litvínov
[2023-10-10 10:52:09] [DEBUG] [./src/main.c:29]: City: Hranice
[2023-10-10 10:52:10] [DEBUG] [./src/main.c:29]: City: Prague
[2023-10-10 10:52:10] [DEBUG] [./src/main.c:29]: City: Brno
[2023-10-10 10:52:10] [DEBUG] [./src/main.c:29]: City: Ostrava
[2023-10-10 10:52:10] [DEBUG] [./src/main.c:29]: City: Plzeň
[2023-10-10 10:52:10] [DEBUG] [./src/main.c:29]: City: Liberec
[2023-10-10 10:52:10] [DEBUG] [./src/main.c:29]: City: Olomouc
[2023-10-10 10:52:10] [DEBUG] [./src/main.c:29]: City: ČeskéBudějovice
[2023-10-10 10:52:10] [DEBUG] [./src/main.c:29]: City: ÚstínadLabem
[2023-10-10 10:52:10] [DEBUG] [./src/main.c:29]: City: HradecKrálové
[2023-10-10 10:52:10] [DEBUG] [./src/main.c:29]: City: Pardubice
[2023-10-10 10:52:10] [DEBUG] [./src/main.c:29]: City: Zlín
[2023-10-10 10:52:10] [DEBUG] [./src/main.c:29]: City: Havířov
[2023-10-10 10:52:10] [DEBUG] [./src/main.c:29]: City: Kladno
[2023-10-10 10:52:10] [DEBUG] [./src/main.c:29]: City: Most
[2023-10-10 10:52:10] [DEBUG] [./src/main.c:29]: City: Opava
[2023-10-10 10:52:10] [DEBUG] [./src/main.c:29]: City: Frýdek-Místek
[2023-10-10 10:52:10] [DEBUG] [./src/main.c:29]: City: Karviná
[2023-10-10 10:52:10] [DEBUG] [./src/main.c:29]: City: Teplice
[2023-10-10 10:52:10] [DEBUG] [./src/main.c:29]: City: Děčín
[2023-10-10 10:52:10] [DEBUG] [./src/main.c:29]: City: KarlovyVary
[2023-10-10 10:52:10] [DEBUG] [./src/main.c:29]: City: Jihlava
[2023-10-10 10:52:10] [DEBUG] [./src/main.c:29]: City: Chomutov
[2023-10-10 10:52:10] [DEBUG] [./src/main.c:29]: City: Přerov
[2023-10-10 10:52:10] [DEBUG] [./src/main.c:29]: City: MladáBoleslav
[2023-10-10 10:52:10] [DEBUG] [./src/main.c:29]: City: CeskáLípa
[2023-10-10 10:52:10] [DEBUG] [./src/main.c:29]: City: Třebíč
[2023-10-10 10:52:10] [DEBUG] [./src/main.c:29]: City: Třinec
[2023-10-10 10:52:10] [DEBUG] [./src/main.c:29]: City: Znojmo
[2023-10-10 10:52:10] [DEBUG] [./src/main.c:29]: City: Nový
[2023-10-10 10:52:10] [DEBUG] [./src/main.c:29]: City: Jičín
[2023-10-10 10:52:10] [DEBUG] [./src/main.c:29]: City: Kroměříž
[2023-10-10 10:52:10] [DEBUG] [./src/main.c:29]: City: Prostějov
[2023-10-10 10:52:10] [DEBUG] [./src/main.c:29]: City: Trutnov
[2023-10-10 10:52:10] [DEBUG] [./src/main.c:29]: City: Příbram
[2023-10-10 10:52:10] [DEBUG] [./src/main.c:29]: City: Orlová
[2023-10-10 10:52:10] [DEBUG] [./src/main.c:29]: City: ÚstínadOrlicí
[2023-10-10 10:52:10] [DEBUG] [./src/main.c:29]: City: Hodonín
[2023-10-10 10:52:10] [DEBUG] [./src/main.c:29]: City: Písek
[2023-10-10 10:52:10] [DEBUG] [./src/main.c:29]: City: Žďár
[2023-10-10 10:52:10] [DEBUG] [./src/main.c:29]: City: nad
[2023-10-10 10:52:10] [DEBUG] [./src/main.c:29]: City: Sázavou
[2023-10-10 10:52:10] [DEBUG] [./src/main.c:29]: City: Vsetín
[2023-10-10 10:52:10] [DEBUG] [./src/main.c:29]: City: Chrudim
[2023-10-10 10:52:10] [DEBUG] [./src/main.c:29]: City: Šumperk
[2023-10-10 10:52:10] [DEBUG] [./src/main.c:29]: City: Žatec
[2023-10-10 10:52:10] [DEBUG] [./src/main.c:29]: City: Blansko
[2023-10-10 10:52:10] [DEBUG] [./src/main.c:29]: City: Jablonec
[2023-10-10 10:52:10] [DEBUG] [./src/main.c:29]: City: nad
[2023-10-10 10:52:10] [DEBUG] [./src/main.c:29]: City: Nisou
[2023-10-10 10:52:10] [DEBUG] [./src/main.c:29]: City: Uherské
[2023-10-10 10:52:10] [DEBUG] [./src/main.c:29]: City: Hradiště
[2023-10-10 10:52:10] [DEBUG] [./src/main.c:29]: City: Hodonín
[2023-10-10 10:52:10] [DEBUG] [./src/main.c:29]: City: Mělník
[2023-10-10 10:52:10] [DEBUG] [./src/main.c:29]: City: Jindřichův
[2023-10-10 10:52:10] [DEBUG] [./src/main.c:29]: City: Hradec
[2023-10-10 10:52:10] [DEBUG] [./src/main.c:29]: City: Litvínov
[2023-10-10 10:52:10] [DEBUG] [./src/main.c:29]: City: Hranice
[2023-10-10 10:52:10] [DEBUG] [./src/main.c:29]: City: Prague
[2023-10-10 10:52:10] [DEBUG] [./src/main.c:29]: City: Brno
[2023-10-10 10:52:10] [DEBUG] [./src/main.c:29]: City: Ostrava
[2023-10-10 10:52:10] [DEBUG] [./src/main.c:29]: City: Plzeň
[2023-10-10 10:52:10] [DEBUG] [./src/main.c:29]: City: Liberec
[2023-10-10 10:52:10] [DEBUG] [./src/main.c:29]: City: Olomouc
[2023-10-10 10:52:10] [DEBUG] [./src/main.c:29]: City: ČeskéBudějovice
[2023-10-10 10:52:10] [DEBUG] [./src/main.c:29]: City: ÚstínadLabem
[2023-10-10 10:52:10] [DEBUG] [./src/main.c:29]: City: HradecKrálové
[2023-10-10 10:52:10] [DEBUG] [./src/main.c:29]: City: Pardubice
[2023-10-10 10:52:10] [DEBUG] [./src/main.c:29]: City: Zlín
[2023-10-10 10:52:10] [DEBUG] [./src/main.c:29]: City: Havířov
[2023-10-10 10:52:10] [DEBUG] [./src/main.c:29]: City: Kladno
[2023-10-10 10:52:10] [DEBUG] [./src/main.c:29]: City: Most
[2023-10-10 10:52:10] [DEBUG] [./src/main.c:29]: City: Opava
[2023-10-10 10:52:10] [DEBUG] [./src/main.c:29]: City: Frýdek-Místek
[2023-10-10 10:52:10] [DEBUG] [./src/main.c:29]: City: Karviná
[2023-10-10 10:52:10] [DEBUG] [./src/main.c:29]: City: Teplice
[2023-10-10 10:52:10] [DEBUG] [./src/main.c:29]: City: Děčín
[2023-10-10 10:52:10] [DEBUG] [./src/main.c:29]: City: KarlovyVary
[2023-10-10 10:52:10] [DEBUG] [./src/main.c:29]: City: Jihlava
[2023-10-10 10:52:10] [DEBUG] [./src/main.c:29]: City: Chomutov
[2023-10-10 10:52:10] [DEBUG] [./src/main.c:29]: City: Přerov
[2023-10-10 10:52:10] [DEBUG] [./src/main.c:29]: City: MladáBoleslav
[2023-10-10 10:52:10] [DEBUG] [./src/main.c:29]: City: CeskáLípa
[2023-10-10 10:52:10] [DEBUG] [./src/main.c:29]: City: Třebíč
[2023-10-10 10:52:10] [DEBUG] [./src/main.c:29]: City: Třinec
[2023-10-10 10:52:10] [DEBUG] [./src/main.c:29]: City: Znojmo
[2023-10-10 10:52:10] [DEBUG] [./src/main.c:29]: City: Nový
[2023-10-10 10:52:10] [DEBUG] [./src/main.c:29]: City: Jičín
[2023-10-10 10:52:10] [DEBUG] [./src/main.c:29]: City: Kroměříž
[2023-10-10 10:52:10] [DEBUG] [./src/main.c:29]: City: Prostějov
[2023-10-10 10:52:10] [DEBUG] [./src/main.c:29]: City: Trutnov
[2023-10-10 10:52:10] [DEBUG] [./src/main.c:29]: City: Příbram
[2023-10-10 10:52:10] [DEBUG] [./src/main.c:29]: City: Orlová
[2023-10-10 10:52:10] [DEBUG] [./src/main.c:29]: City: ÚstínadOrlicí
[2023-10-10 10:52:10] [DEBUG] [./src/main.c:29]: City: Hodonín
[2023-10-10 10:52:10] [DEBUG] [./src/main.c:29]: City: Písek
[2023-10-10 10:52:10] [DEBUG] [./src/main.c:29]: City: Žďár
[2023-10-10 10:52:10] [DEBUG] [./src/main.c:29]: City: nad
[2023-10-10 10:52:10] [DEBUG] [./src/main.c:29]: City: Sázavou
[2023-10-10 10:52:10] [DEBUG] [./src/main.c:29]: City: Vsetín
[2023-10-10 10:52:10] [DEBUG] [./src/main.c:29]: City: Chrudim
[2023-10-10 10:52:10] [DEBUG] [./src/main.c:29]: City: Šumperk
[2023-10-10 10:52:10] [DEBUG] [./src/main.c:29]: City: Žatec
[2023-10-10 10:52:10] [DEBUG] [./src/main.c:29]: City: Blansko
[2023-10-10 10:52:10] [DEBUG] [./src/main.c:29]: City: Jablonec
[2023-10-10 10:52:10] [DEBUG] [./src/main.c:29]: City: nad
[2023-10-10 10:52:10] [DEBUG] [./src/main.c:29]: City: Nisou
[2023-10-10 10:52:10] [DEBUG] [./src/main.c:29]: City: Uherské
[2023-10-10 10:52:10] [DEBUG] [./src/main.c:29]: City: Hradiště
[2023-10-10 10:52:10] [DEBUG] [./src/main.c:29]: City: Hodonín
[2023-10-10 10:52:10] [DEBUG] [./src/main.c:29]: City: Mělník
[2023-10-10 10:52:10] [DEBUG] [./src/main.c:29]: City: Jindřichův
[2023-10-10 10:52:10] [DEBUG] [./src/main.c:29]: City: Hradec
[2023-10-10 10:52:10] [DEBUG] [./src/main.c:29]: City: Litvínov
[2023-10-10 10:52:10] [DEBUG] [./src/main.c:29]: City: Hranice
